2018-02-02 15:04:41 [INFO ] [org.springframework.context.support.AbstractApplicationContext.prepareRefresh:583] - Refreshing org.springframework.context.annotation.AnnotationConfigApplicationContext@4550bb58: startup date [Fri Feb 02 15:04:41 CST 2018]; root of context hierarchy
2018-02-02 15:04:42 [INFO ] [org.springframework.beans.factory.annotation.AutowiredAnnotationBeanPostProcessor.<init>:155] - JSR-330 'javax.inject.Inject' annotation found and supported for autowiring
2018-02-02 15:04:43 [INFO ] [org.springframework.context.support.PostProcessorRegistrationDelegate$BeanPostProcessorChecker.postProcessAfterInitialization:327] - Bean 'configurationPropertiesRebinderAutoConfiguration' of type [org.springframework.cloud.autoconfigure.ConfigurationPropertiesRebinderAutoConfiguration$$EnhancerBySpringCGLIB$$3959e576] is not eligible for getting processed by all BeanPostProcessors (for example: not eligible for auto-proxying)
2018-02-02 15:04:43 [INFO ] [org.hibernate.validator.internal.util.Version.<clinit>:30] - HV000001: Hibernate Validator 5.3.6.Final
2018-02-02 15:04:44 [INFO ] [org.springframework.boot.SpringApplication.logStartupProfileInfo:593] - No active profile set, falling back to default profiles: default
2018-02-02 15:04:44 [INFO ] [org.springframework.context.support.AbstractApplicationContext.prepareRefresh:583] - Refreshing org.springframework.boot.context.embedded.AnnotationConfigEmbeddedWebApplicationContext@6955cb39: startup date [Fri Feb 02 15:04:44 CST 2018]; parent: org.springframework.context.annotation.AnnotationConfigApplicationContext@4550bb58
2018-02-02 15:04:46 [WARN ] [org.mybatis.spring.mapper.ClassPathMapperScanner.doScan:166] - No MyBatis mapper was found in '[com.pax]' package. Please check your configuration.
2018-02-02 15:04:47 [INFO ] [org.springframework.cloud.context.scope.GenericScope.setSerializationId:287] - BeanFactory id=f9dcda0e-fac8-369a-9c73-977b5d748759
2018-02-02 15:04:48 [INFO ] [org.springframework.beans.factory.annotation.AutowiredAnnotationBeanPostProcessor.<init>:155] - JSR-330 'javax.inject.Inject' annotation found and supported for autowiring
2018-02-02 15:04:48 [INFO ] [org.springframework.context.support.PostProcessorRegistrationDelegate$BeanPostProcessorChecker.postProcessAfterInitialization:327] - Bean 'org.springframework.cloud.autoconfigure.ConfigurationPropertiesRebinderAutoConfiguration' of type [org.springframework.cloud.autoconfigure.ConfigurationPropertiesRebinderAutoConfiguration$$EnhancerBySpringCGLIB$$3959e576] is not eligible for getting processed by all BeanPostProcessors (for example: not eligible for auto-proxying)
2018-02-02 15:04:48 [INFO ] [org.springframework.context.support.PostProcessorRegistrationDelegate$BeanPostProcessorChecker.postProcessAfterInitialization:327] - Bean 'org.springframework.transaction.annotation.ProxyTransactionManagementConfiguration' of type [org.springframework.transaction.annotation.ProxyTransactionManagementConfiguration$$EnhancerBySpringCGLIB$$1d3fe279] is not eligible for getting processed by all BeanPostProcessors (for example: not eligible for auto-proxying)
2018-02-02 15:04:51 [INFO ] [org.springframework.boot.context.embedded.tomcat.TomcatEmbeddedServletContainer.initialize:89] - Tomcat initialized with port(s): 8080 (http)
2018-02-02 15:04:51 [INFO ] [org.apache.juli.logging.DirectJDKLog.log:180] - Starting service [Tomcat]
2018-02-02 15:04:51 [INFO ] [org.apache.juli.logging.DirectJDKLog.log:180] - Starting Servlet Engine: Apache Tomcat/8.5.27
2018-02-02 15:04:52 [INFO ] [org.apache.juli.logging.DirectJDKLog.log:180] - Initializing Spring embedded WebApplicationContext
2018-02-02 15:04:52 [INFO ] [org.springframework.boot.context.embedded.EmbeddedWebApplicationContext.prepareEmbeddedWebApplicationContext:276] - Root WebApplicationContext: initialization completed in 7581 ms
2018-02-02 15:04:52 [INFO ] [org.springframework.boot.web.servlet.ServletRegistrationBean.onStartup:190] - Mapping servlet: 'dispatcherServlet' to [/]
2018-02-02 15:04:52 [INFO ] [org.springframework.boot.web.servlet.AbstractFilterRegistrationBean.configure:258] - Mapping filter: 'characterEncodingFilter' to: [/*]
2018-02-02 15:04:52 [INFO ] [org.springframework.boot.web.servlet.AbstractFilterRegistrationBean.configure:258] - Mapping filter: 'hiddenHttpMethodFilter' to: [/*]
2018-02-02 15:04:52 [INFO ] [org.springframework.boot.web.servlet.AbstractFilterRegistrationBean.configure:258] - Mapping filter: 'httpPutFormContentFilter' to: [/*]
2018-02-02 15:04:52 [INFO ] [org.springframework.boot.web.servlet.AbstractFilterRegistrationBean.configure:258] - Mapping filter: 'requestContextFilter' to: [/*]
2018-02-02 15:04:53 [WARN ] [com.netflix.config.sources.URLConfigurationSource.<init>:121] - No URLs will be polled as dynamic configuration sources.
2018-02-02 15:04:53 [INFO ] [com.netflix.config.sources.URLConfigurationSource.<init>:122] - To enable URLs as dynamic configuration sources, define System property archaius.configurationSource.additionalUrls or make config.properties available on classpath.
2018-02-02 15:04:53 [WARN ] [com.netflix.config.sources.URLConfigurationSource.<init>:121] - No URLs will be polled as dynamic configuration sources.
2018-02-02 15:04:53 [INFO ] [com.netflix.config.sources.URLConfigurationSource.<init>:122] - To enable URLs as dynamic configuration sources, define System property archaius.configurationSource.additionalUrls or make config.properties available on classpath.
2018-02-02 15:04:53 [INFO ] [org.springframework.web.servlet.mvc.method.annotation.RequestMappingHandlerAdapter.initControllerAdviceCache:534] - Looking for @ControllerAdvice: org.springframework.boot.context.embedded.AnnotationConfigEmbeddedWebApplicationContext@6955cb39: startup date [Fri Feb 02 15:04:44 CST 2018]; parent: org.springframework.context.annotation.AnnotationConfigApplicationContext@4550bb58
2018-02-02 15:04:54 [INFO ] [org.springframework.web.servlet.handler.AbstractHandlerMethodMapping$MappingRegistry.register:543] - Mapped "{[/activation]}" onto public com.pax.busi.entity.BaseRsp com.pax.busi.web.ActivationController.activation(com.pax.busi.entity.ActivationReq)
2018-02-02 15:04:54 [INFO ] [org.springframework.web.servlet.handler.AbstractHandlerMethodMapping$MappingRegistry.register:543] - Mapped "{[/error]}" onto public org.springframework.http.ResponseEntity<java.util.Map<java.lang.String, java.lang.Object>> org.springframework.boot.autoconfigure.web.BasicErrorController.error(javax.servlet.http.HttpServletRequest)
2018-02-02 15:04:54 [INFO ] [org.springframework.web.servlet.handler.AbstractHandlerMethodMapping$MappingRegistry.register:543] - Mapped "{[/error],produces=[text/html]}" onto public org.springframework.web.servlet.ModelAndView org.springframework.boot.autoconfigure.web.BasicErrorController.errorHtml(javax.servlet.http.HttpServletRequest,javax.servlet.http.HttpServletResponse)
2018-02-02 15:04:54 [INFO ] [org.springframework.web.servlet.handler.AbstractUrlHandlerMapping.registerHandler:362] - Mapped URL path [/webjars/**] onto handler of type [class org.springframework.web.servlet.resource.ResourceHttpRequestHandler]
2018-02-02 15:04:54 [INFO ] [org.springframework.web.servlet.handler.AbstractUrlHandlerMapping.registerHandler:362] - Mapped URL path [/**] onto handler of type [class org.springframework.web.servlet.resource.ResourceHttpRequestHandler]
2018-02-02 15:04:54 [INFO ] [org.springframework.web.servlet.handler.AbstractUrlHandlerMapping.registerHandler:362] - Mapped URL path [/**/favicon.ico] onto handler of type [class org.springframework.web.servlet.resource.ResourceHttpRequestHandler]
2018-02-02 15:04:57 [WARN ] [org.springframework.cloud.starter.eureka.EurekaStarterDeprecationWarningAutoConfiguration.logWarning:19] - spring-cloud-starter-eureka is deprecated as of Spring Cloud Netflix 1.4.0, please migrate to spring-cloud-starter-netflix-eureka
2018-02-02 15:04:57 [INFO ] [org.springframework.jmx.export.MBeanExporter.afterSingletonsInstantiated:431] - Registering beans for JMX exposure on startup
2018-02-02 15:04:57 [INFO ] [org.springframework.jmx.export.MBeanExporter.autodetect:916] - Bean with name 'dataSource' has been autodetected for JMX exposure
2018-02-02 15:04:57 [INFO ] [org.springframework.jmx.export.MBeanExporter.autodetect:916] - Bean with name 'environmentManager' has been autodetected for JMX exposure
2018-02-02 15:04:57 [INFO ] [org.springframework.jmx.export.MBeanExporter.autodetect:916] - Bean with name 'configurationPropertiesRebinder' has been autodetected for JMX exposure
2018-02-02 15:04:57 [INFO ] [org.springframework.jmx.export.MBeanExporter.autodetect:916] - Bean with name 'refreshScope' has been autodetected for JMX exposure
2018-02-02 15:04:57 [INFO ] [org.springframework.jmx.export.MBeanExporter.registerBeanInstance:678] - Located managed bean 'environmentManager': registering with JMX server as MBean [org.springframework.cloud.context.environment:name=environmentManager,type=EnvironmentManager]
2018-02-02 15:04:57 [INFO ] [org.springframework.jmx.export.MBeanExporter.registerBeanInstance:678] - Located managed bean 'refreshScope': registering with JMX server as MBean [org.springframework.cloud.context.scope.refresh:name=refreshScope,type=RefreshScope]
2018-02-02 15:04:57 [INFO ] [org.springframework.jmx.export.MBeanExporter.registerBeanInstance:678] - Located managed bean 'configurationPropertiesRebinder': registering with JMX server as MBean [org.springframework.cloud.context.properties:name=configurationPropertiesRebinder,context=6955cb39,type=ConfigurationPropertiesRebinder]
2018-02-02 15:04:57 [INFO ] [org.springframework.jmx.export.MBeanExporter.registerBeanInstance:671] - Located MBean 'dataSource': registering with JMX server as MBean [com.alibaba.druid.pool:name=dataSource,type=DruidDataSource]
2018-02-02 15:04:57 [INFO ] [org.springframework.context.support.DefaultLifecycleProcessor$LifecycleGroup.start:343] - Starting beans in phase 0
2018-02-02 15:04:57 [INFO ] [org.springframework.cloud.netflix.eureka.InstanceInfoFactory.create:71] - Setting initial instance status as: STARTING
2018-02-02 15:04:57 [INFO ] [com.netflix.discovery.DiscoveryClient.<init>:347] - Initializing Eureka in region us-east-1
2018-02-02 15:04:58 [INFO ] [com.netflix.discovery.provider.DiscoveryJerseyProvider.<init>:70] - Using JSON encoding codec LegacyJacksonJson
2018-02-02 15:04:58 [INFO ] [com.netflix.discovery.provider.DiscoveryJerseyProvider.<init>:71] - Using JSON decoding codec LegacyJacksonJson
2018-02-02 15:04:59 [INFO ] [com.netflix.discovery.provider.DiscoveryJerseyProvider.<init>:80] - Using XML encoding codec XStreamXml
2018-02-02 15:04:59 [INFO ] [com.netflix.discovery.provider.DiscoveryJerseyProvider.<init>:81] - Using XML decoding codec XStreamXml
2018-02-02 15:04:59 [INFO ] [com.netflix.discovery.shared.resolver.aws.ConfigClusterResolver.getClusterEndpoints:43] - Resolving eureka endpoints via configuration
2018-02-02 15:04:59 [INFO ] [com.netflix.discovery.DiscoveryClient.fetchRegistry:929] - Disable delta property : false
2018-02-02 15:04:59 [INFO ] [com.netflix.discovery.DiscoveryClient.fetchRegistry:930] - Single vip registry refresh property : null
2018-02-02 15:04:59 [INFO ] [com.netflix.discovery.DiscoveryClient.fetchRegistry:931] - Force full registry fetch : false
2018-02-02 15:04:59 [INFO ] [com.netflix.discovery.DiscoveryClient.fetchRegistry:932] - Application is null : false
2018-02-02 15:04:59 [INFO ] [com.netflix.discovery.DiscoveryClient.fetchRegistry:933] - Registered Applications size is zero : true
2018-02-02 15:04:59 [INFO ] [com.netflix.discovery.DiscoveryClient.fetchRegistry:935] - Application version is -1: true
2018-02-02 15:04:59 [INFO ] [com.netflix.discovery.DiscoveryClient.getAndStoreFullRegistry:1018] - Getting all instance registry info from the eureka server
2018-02-02 15:05:00 [INFO ] [com.netflix.discovery.DiscoveryClient.getAndStoreFullRegistry:1027] - The response status is 200
2018-02-02 15:05:00 [INFO ] [com.netflix.discovery.DiscoveryClient.initScheduledTasks:1253] - Starting heartbeat executor: renew interval is: 30
2018-02-02 15:05:00 [INFO ] [com.netflix.discovery.InstanceInfoReplicator.<init>:59] - InstanceInfoReplicator onDemand update allowed rate per min is 4
2018-02-02 15:05:00 [INFO ] [com.netflix.discovery.DiscoveryClient.<init>:434] - Discovery Client initialized at timestamp 1517555100969 with initial instances count: 0
2018-02-02 15:05:00 [INFO ] [org.springframework.cloud.netflix.eureka.serviceregistry.EurekaServiceRegistry.register:40] - Registering application activation with eureka with status UP
2018-02-02 15:05:00 [INFO ] [com.netflix.discovery.DiscoveryClient$3.notify:1288] - Saw local status change event StatusChangeEvent [timestamp=1517555100991, current=UP, previous=STARTING]
2018-02-02 15:05:01 [INFO ] [com.netflix.discovery.DiscoveryClient.register:804] - DiscoveryClient_ACTIVATION/192.168.10.117:activation:8080: registering service...
2018-02-02 15:05:01 [INFO ] [org.apache.juli.logging.DirectJDKLog.log:180] - Initializing ProtocolHandler ["http-nio-8080"]
2018-02-02 15:05:01 [INFO ] [org.apache.juli.logging.DirectJDKLog.log:180] - Starting ProtocolHandler ["http-nio-8080"]
2018-02-02 15:05:01 [INFO ] [org.apache.juli.logging.DirectJDKLog.log:180] - Using a shared selector for servlet write/read
2018-02-02 15:05:01 [INFO ] [org.springframework.boot.context.embedded.tomcat.TomcatEmbeddedServletContainer.start:201] - Tomcat started on port(s): 8080 (http)
2018-02-02 15:05:01 [INFO ] [org.springframework.cloud.netflix.eureka.serviceregistry.EurekaAutoServiceRegistration.onApplicationEvent:124] - Updating port to 8080
2018-02-02 15:05:01 [INFO ] [org.springframework.boot.StartupInfoLogger.logStarted:57] - Started ActivationApplication in 22.176 seconds (JVM running for 25.596)
2018-02-02 15:05:01 [INFO ] [com.netflix.discovery.DiscoveryClient.register:813] - DiscoveryClient_ACTIVATION/192.168.10.117:activation:8080 - registration status: 204
2018-02-02 15:05:28 [INFO ] [org.apache.juli.logging.DirectJDKLog.log:180] - Initializing Spring FrameworkServlet 'dispatcherServlet'
2018-02-02 15:05:28 [INFO ] [org.springframework.web.servlet.FrameworkServlet.initServletBean:489] - FrameworkServlet 'dispatcherServlet': initialization started
2018-02-02 15:05:28 [INFO ] [org.springframework.web.servlet.FrameworkServlet.initServletBean:508] - FrameworkServlet 'dispatcherServlet': initialization completed in 70 ms
2018-02-02 15:05:28 [INFO ] [com.pax.busi.web.ActivationController.activation:20] - 收到激活请求:
2018-02-02 15:05:30 [INFO ] [com.netflix.discovery.DiscoveryClient.fetchRegistry:929] - Disable delta property : false
2018-02-02 15:05:30 [INFO ] [com.netflix.discovery.DiscoveryClient.fetchRegistry:930] - Single vip registry refresh property : null
2018-02-02 15:05:30 [INFO ] [com.netflix.discovery.DiscoveryClient.fetchRegistry:931] - Force full registry fetch : false
2018-02-02 15:05:30 [INFO ] [com.netflix.discovery.DiscoveryClient.fetchRegistry:932] - Application is null : false
2018-02-02 15:05:30 [INFO ] [com.netflix.discovery.DiscoveryClient.fetchRegistry:933] - Registered Applications size is zero : true
2018-02-02 15:05:30 [INFO ] [com.netflix.discovery.DiscoveryClient.fetchRegistry:935] - Application version is -1: false
2018-02-02 15:05:30 [INFO ] [com.netflix.discovery.DiscoveryClient.getAndStoreFullRegistry:1018] - Getting all instance registry info from the eureka server
2018-02-02 15:05:31 [INFO ] [com.netflix.discovery.DiscoveryClient.getAndStoreFullRegistry:1027] - The response status is 200
2018-02-02 15:11:31 [INFO ] [org.springframework.boot.SpringApplication.logStartupProfileInfo:593] - No active profile set, falling back to default profiles: default
2018-02-02 15:11:39 [INFO ] [org.springframework.boot.StartupInfoLogger.logStarted:57] - Started ActivationApplication in 12.074 seconds (JVM running for 14.234)
